  [1m[36m (274.0ms)[0m  [1mDROP DATABASE IF EXISTS "life_wheel_test"[0m
  [1m[35m (1393.9ms)[0m  CREATE DATABASE "life_wheel_test" ENCODING = 'unicode'
  [1m[36m (235.7ms)[0m  [1mDROP DATABASE IF EXISTS "life_wheel_test"[0m
  [1m[35m (1579.1ms)[0m  CREATE DATABASE "life_wheel_test" ENCODING = 'unicode'
  [1m[36m (215.9ms)[0m  [1mCREATE TABLE "schema_migrations" ("version" character varying(255) NOT NULL) [0m
  [1m[35m (20.6ms)[0m  CREATE UNIQUE INDEX "unique_schema_migrations" ON "schema_migrations" ("version")
  [1m[36mActiveRecord::SchemaMigration Load (21.8ms)[0m  [1mSELECT "schema_migrations".* FROM "schema_migrations"[0m
Migrating to CreateWheels (20131025172946)
  [1m[35m (0.3ms)[0m  BEGIN
  [1m[36m (92.7ms)[0m  [1mCREATE TABLE "wheels" ("id" serial primary key, "created_at" timestamp, "updated_at" timestamp) [0m
  [1m[35mSQL (10.8ms)[0m  INSERT INTO "schema_migrations" ("version") VALUES ($1)  [["version", "20131025172946"]]
  [1m[36m (1.5ms)[0m  [1mCOMMIT[0m
  [1m[35mActiveRecord::SchemaMigration Load (0.4ms)[0m  SELECT "schema_migrations".* FROM "schema_migrations"
  [1m[36m (260.3ms)[0m  [1mDROP DATABASE IF EXISTS "life_wheel_test"[0m
  [1m[35m (1656.6ms)[0m  CREATE DATABASE "life_wheel_test" ENCODING = 'unicode'
  [1m[36mSQL (1.5ms)[0m  [1mCREATE EXTENSION IF NOT EXISTS "plpgsql"[0m
  [1m[35m (7.0ms)[0m  CREATE TABLE "wheels" ("id" serial primary key, "created_at" timestamp, "updated_at" timestamp) 
  [1m[36m (1.5ms)[0m  [1mCREATE TABLE "schema_migrations" ("version" character varying(255) NOT NULL) [0m
  [1m[35m (2.9ms)[0m  CREATE UNIQUE INDEX "unique_schema_migrations" ON "schema_migrations" ("version")
  [1m[36m (0.4ms)[0m  [1mSELECT version FROM "schema_migrations"[0m
  [1m[35m (0.8ms)[0m  INSERT INTO "schema_migrations" (version) VALUES ('20131025172946')
  [1m[36mActiveRecord::SchemaMigration Load (0.6ms)[0m  [1mSELECT "schema_migrations".* FROM "schema_migrations"[0m
  [1m[36m (123.4ms)[0m  [1mDROP DATABASE IF EXISTS "life_wheel_test"[0m
  [1m[35m (856.6ms)[0m  CREATE DATABASE "life_wheel_test" ENCODING = 'unicode'
  [1m[36mSQL (2.1ms)[0m  [1mCREATE EXTENSION IF NOT EXISTS "plpgsql"[0m
  [1m[35m (7.2ms)[0m  CREATE TABLE "wheels" ("id" serial primary key, "created_at" timestamp, "updated_at" timestamp) 
  [1m[36m (1.7ms)[0m  [1mCREATE TABLE "schema_migrations" ("version" character varying(255) NOT NULL) [0m
  [1m[35m (2.5ms)[0m  CREATE UNIQUE INDEX "unique_schema_migrations" ON "schema_migrations" ("version")
  [1m[36m (0.4ms)[0m  [1mSELECT version FROM "schema_migrations"[0m
  [1m[35m (1.0ms)[0m  INSERT INTO "schema_migrations" (version) VALUES ('20131025172946')
  [1m[36mActiveRecord::SchemaMigration Load (0.8ms)[0m  [1mSELECT "schema_migrations".* FROM "schema_migrations"[0m
  [1m[36m (112.9ms)[0m  [1mDROP DATABASE IF EXISTS "life_wheel_test"[0m
  [1m[35m (957.7ms)[0m  CREATE DATABASE "life_wheel_test" ENCODING = 'unicode'
  [1m[36mSQL (1.6ms)[0m  [1mCREATE EXTENSION IF NOT EXISTS "plpgsql"[0m
  [1m[35m (7.7ms)[0m  CREATE TABLE "wheels" ("id" serial primary key, "created_at" timestamp, "updated_at" timestamp) 
  [1m[36m (2.4ms)[0m  [1mCREATE TABLE "schema_migrations" ("version" character varying(255) NOT NULL) [0m
  [1m[35m (3.0ms)[0m  CREATE UNIQUE INDEX "unique_schema_migrations" ON "schema_migrations" ("version")
  [1m[36m (0.6ms)[0m  [1mSELECT version FROM "schema_migrations"[0m
  [1m[35m (0.8ms)[0m  INSERT INTO "schema_migrations" (version) VALUES ('20131025172946')
  [1m[36mActiveRecord::SchemaMigration Load (0.7ms)[0m  [1mSELECT "schema_migrations".* FROM "schema_migrations"[0m
  [1m[36m (129.3ms)[0m  [1mDROP DATABASE IF EXISTS "life_wheel_test"[0m
  [1m[35m (453.7ms)[0m  CREATE DATABASE "life_wheel_test" ENCODING = 'unicode'
  [1m[36mSQL (1.3ms)[0m  [1mCREATE EXTENSION IF NOT EXISTS "plpgsql"[0m
  [1m[35m (6.6ms)[0m  CREATE TABLE "wheels" ("id" serial primary key, "created_at" timestamp, "updated_at" timestamp) 
  [1m[36m (1.6ms)[0m  [1mCREATE TABLE "schema_migrations" ("version" character varying(255) NOT NULL) [0m
  [1m[35m (1.9ms)[0m  CREATE UNIQUE INDEX "unique_schema_migrations" ON "schema_migrations" ("version")
  [1m[36m (0.4ms)[0m  [1mSELECT version FROM "schema_migrations"[0m
  [1m[35m (0.8ms)[0m  INSERT INTO "schema_migrations" (version) VALUES ('20131025172946')
  [1m[36mActiveRecord::SchemaMigration Load (0.6ms)[0m  [1mSELECT "schema_migrations".* FROM "schema_migrations"[0m
  [1m[36m (111.6ms)[0m  [1mDROP DATABASE IF EXISTS "life_wheel_test"[0m
  [1m[35m (427.2ms)[0m  CREATE DATABASE "life_wheel_test" ENCODING = 'unicode'
  [1m[36mSQL (1.7ms)[0m  [1mCREATE EXTENSION IF NOT EXISTS "plpgsql"[0m
  [1m[35m (7.3ms)[0m  CREATE TABLE "wheels" ("id" serial primary key, "created_at" timestamp, "updated_at" timestamp) 
  [1m[36m (1.8ms)[0m  [1mCREATE TABLE "schema_migrations" ("version" character varying(255) NOT NULL) [0m
  [1m[35m (90.7ms)[0m  CREATE UNIQUE INDEX "unique_schema_migrations" ON "schema_migrations" ("version")
  [1m[36m (0.8ms)[0m  [1mSELECT version FROM "schema_migrations"[0m
  [1m[35m (60.4ms)[0m  INSERT INTO "schema_migrations" (version) VALUES ('20131025172946')
  [1m[36mActiveRecord::SchemaMigration Load (0.9ms)[0m  [1mSELECT "schema_migrations".* FROM "schema_migrations"[0m
  [1m[36m (111.3ms)[0m  [1mDROP DATABASE IF EXISTS "life_wheel_test"[0m
  [1m[35m (1434.2ms)[0m  CREATE DATABASE "life_wheel_test" ENCODING = 'unicode'
  [1m[36mSQL (11.6ms)[0m  [1mCREATE EXTENSION IF NOT EXISTS "plpgsql"[0m
  [1m[35m (7.3ms)[0m  CREATE TABLE "wheels" ("id" serial primary key, "created_at" timestamp, "updated_at" timestamp) 
  [1m[36m (1.7ms)[0m  [1mCREATE TABLE "schema_migrations" ("version" character varying(255) NOT NULL) [0m
  [1m[35m (3.0ms)[0m  CREATE UNIQUE INDEX "unique_schema_migrations" ON "schema_migrations" ("version")
  [1m[36m (0.6ms)[0m  [1mSELECT version FROM "schema_migrations"[0m
  [1m[35m (1.5ms)[0m  INSERT INTO "schema_migrations" (version) VALUES ('20131025172946')
  [1m[36mActiveRecord::SchemaMigration Load (0.7ms)[0m  [1mSELECT "schema_migrations".* FROM "schema_migrations"[0m
  [1m[36m (114.1ms)[0m  [1mDROP DATABASE IF EXISTS "life_wheel_test"[0m
  [1m[35m (1301.7ms)[0m  CREATE DATABASE "life_wheel_test" ENCODING = 'unicode'
  [1m[36mSQL (1.4ms)[0m  [1mCREATE EXTENSION IF NOT EXISTS "plpgsql"[0m
  [1m[35m (6.6ms)[0m  CREATE TABLE "wheels" ("id" serial primary key, "created_at" timestamp, "updated_at" timestamp) 
  [1m[36m (1.8ms)[0m  [1mCREATE TABLE "schema_migrations" ("version" character varying(255) NOT NULL) [0m
  [1m[35m (2.5ms)[0m  CREATE UNIQUE INDEX "unique_schema_migrations" ON "schema_migrations" ("version")
  [1m[36m (0.7ms)[0m  [1mSELECT version FROM "schema_migrations"[0m
  [1m[35m (0.9ms)[0m  INSERT INTO "schema_migrations" (version) VALUES ('20131025172946')
  [1m[36mActiveRecord::SchemaMigration Load (0.6ms)[0m  [1mSELECT "schema_migrations".* FROM "schema_migrations"[0m
  [1m[36m (112.3ms)[0m  [1mDROP DATABASE IF EXISTS "life_wheel_test"[0m
  [1m[35m (1125.7ms)[0m  CREATE DATABASE "life_wheel_test" ENCODING = 'unicode'
  [1m[36mSQL (1.2ms)[0m  [1mCREATE EXTENSION IF NOT EXISTS "plpgsql"[0m
  [1m[35m (13.7ms)[0m  CREATE TABLE "wheels" ("id" serial primary key, "created_at" timestamp, "updated_at" timestamp) 
  [1m[36m (1.7ms)[0m  [1mCREATE TABLE "schema_migrations" ("version" character varying(255) NOT NULL) [0m
  [1m[35m (2.6ms)[0m  CREATE UNIQUE INDEX "unique_schema_migrations" ON "schema_migrations" ("version")
  [1m[36m (0.5ms)[0m  [1mSELECT version FROM "schema_migrations"[0m
  [1m[35m (0.9ms)[0m  INSERT INTO "schema_migrations" (version) VALUES ('20131025172946')
  [1m[36mActiveRecord::SchemaMigration Load (0.5ms)[0m  [1mSELECT "schema_migrations".* FROM "schema_migrations"[0m
  [1m[36m (113.9ms)[0m  [1mDROP DATABASE IF EXISTS "life_wheel_test"[0m
  [1m[35m (571.3ms)[0m  CREATE DATABASE "life_wheel_test" ENCODING = 'unicode'
  [1m[36mSQL (1.1ms)[0m  [1mCREATE EXTENSION IF NOT EXISTS "plpgsql"[0m
  [1m[35m (6.6ms)[0m  CREATE TABLE "wheels" ("id" serial primary key, "created_at" timestamp, "updated_at" timestamp) 
  [1m[36m (1.4ms)[0m  [1mCREATE TABLE "schema_migrations" ("version" character varying(255) NOT NULL) [0m
  [1m[35m (2.3ms)[0m  CREATE UNIQUE INDEX "unique_schema_migrations" ON "schema_migrations" ("version")
  [1m[36m (0.5ms)[0m  [1mSELECT version FROM "schema_migrations"[0m
  [1m[35m (0.9ms)[0m  INSERT INTO "schema_migrations" (version) VALUES ('20131025172946')
  [1m[36mActiveRecord::SchemaMigration Load (0.6ms)[0m  [1mSELECT "schema_migrations".* FROM "schema_migrations"[0m
  [1m[36m (115.7ms)[0m  [1mDROP DATABASE IF EXISTS "life_wheel_test"[0m
  [1m[35m (355.2ms)[0m  CREATE DATABASE "life_wheel_test" ENCODING = 'unicode'
  [1m[36mSQL (1.2ms)[0m  [1mCREATE EXTENSION IF NOT EXISTS "plpgsql"[0m
  [1m[35m (7.0ms)[0m  CREATE TABLE "wheels" ("id" serial primary key, "created_at" timestamp, "updated_at" timestamp) 
  [1m[36m (1.7ms)[0m  [1mCREATE TABLE "schema_migrations" ("version" character varying(255) NOT NULL) [0m
  [1m[35m (1.9ms)[0m  CREATE UNIQUE INDEX "unique_schema_migrations" ON "schema_migrations" ("version")
  [1m[36m (0.5ms)[0m  [1mSELECT version FROM "schema_migrations"[0m
  [1m[35m (0.8ms)[0m  INSERT INTO "schema_migrations" (version) VALUES ('20131025172946')
  [1m[36mActiveRecord::SchemaMigration Load (0.6ms)[0m  [1mSELECT "schema_migrations".* FROM "schema_migrations"[0m
  [1m[36m (133.7ms)[0m  [1mDROP DATABASE IF EXISTS "life_wheel_test"[0m
  [1m[35m (989.3ms)[0m  CREATE DATABASE "life_wheel_test" ENCODING = 'unicode'
  [1m[36mSQL (1.5ms)[0m  [1mCREATE EXTENSION IF NOT EXISTS "plpgsql"[0m
  [1m[35m (6.6ms)[0m  CREATE TABLE "wheels" ("id" serial primary key, "created_at" timestamp, "updated_at" timestamp) 
  [1m[36m (1.8ms)[0m  [1mCREATE TABLE "schema_migrations" ("version" character varying(255) NOT NULL) [0m
  [1m[35m (2.1ms)[0m  CREATE UNIQUE INDEX "unique_schema_migrations" ON "schema_migrations" ("version")
  [1m[36m (0.5ms)[0m  [1mSELECT version FROM "schema_migrations"[0m
  [1m[35m (0.8ms)[0m  INSERT INTO "schema_migrations" (version) VALUES ('20131025172946')
  [1m[36mActiveRecord::SchemaMigration Load (0.7ms)[0m  [1mSELECT "schema_migrations".* FROM "schema_migrations"[0m
  [1m[36m (399.0ms)[0m  [1mDROP DATABASE IF EXISTS "life_wheel_test"[0m
  [1m[35m (991.8ms)[0m  CREATE DATABASE "life_wheel_test" ENCODING = 'unicode'
  [1m[36mSQL (11.6ms)[0m  [1mCREATE EXTENSION IF NOT EXISTS "plpgsql"[0m
  [1m[35m (6.8ms)[0m  CREATE TABLE "wheels" ("id" serial primary key, "created_at" timestamp, "updated_at" timestamp) 
  [1m[36m (1.4ms)[0m  [1mCREATE TABLE "schema_migrations" ("version" character varying(255) NOT NULL) [0m
  [1m[35m (2.4ms)[0m  CREATE UNIQUE INDEX "unique_schema_migrations" ON "schema_migrations" ("version")
  [1m[36m (1.1ms)[0m  [1mSELECT version FROM "schema_migrations"[0m
  [1m[35m (0.9ms)[0m  INSERT INTO "schema_migrations" (version) VALUES ('20131025172946')
  [1m[36mActiveRecord::SchemaMigration Load (0.7ms)[0m  [1mSELECT "schema_migrations".* FROM "schema_migrations"[0m
  [1m[36mActiveRecord::SchemaMigration Load (0.8ms)[0m  [1mSELECT "schema_migrations".* FROM "schema_migrations"[0m
Migrating to CreateSections (20131025184805)
  [1m[35m (0.3ms)[0m  BEGIN
  [1m[36m (43.9ms)[0m  [1mCREATE TABLE "sections" ("id" serial primary key, "section_name" text, "wheel_id" integer, "created_at" timestamp, "updated_at" timestamp) [0m
  [1m[35m (1.7ms)[0m  CREATE INDEX "index_sections_on_wheel_id" ON "sections" ("wheel_id")
  [1m[36mSQL (0.9ms)[0m  [1mINSERT INTO "schema_migrations" ("version") VALUES ($1)[0m  [["version", "20131025184805"]]
  [1m[35m (1.4ms)[0m  COMMIT
  [1m[36mActiveRecord::SchemaMigration Load (0.3ms)[0m  [1mSELECT "schema_migrations".* FROM "schema_migrations"[0m
  [1m[36m (112.1ms)[0m  [1mDROP DATABASE IF EXISTS "life_wheel_test"[0m
  [1m[35m (1600.7ms)[0m  CREATE DATABASE "life_wheel_test" ENCODING = 'unicode'
  [1m[36mSQL (2.0ms)[0m  [1mCREATE EXTENSION IF NOT EXISTS "plpgsql"[0m
  [1m[35m (9.5ms)[0m  CREATE TABLE "sections" ("id" serial primary key, "section_name" text, "wheel_id" integer, "created_at" timestamp, "updated_at" timestamp) 
  [1m[36m (1.8ms)[0m  [1mCREATE INDEX "index_sections_on_wheel_id" ON "sections" USING btree ("wheel_id")[0m
  [1m[35m (19.1ms)[0m  CREATE TABLE "wheels" ("id" serial primary key, "created_at" timestamp, "updated_at" timestamp) 
  [1m[36m (18.8ms)[0m  [1mCREATE TABLE "schema_migrations" ("version" character varying(255) NOT NULL) [0m
  [1m[35m (15.7ms)[0m  CREATE UNIQUE INDEX "unique_schema_migrations" ON "schema_migrations" ("version")
  [1m[36m (0.7ms)[0m  [1mSELECT version FROM "schema_migrations"[0m
  [1m[35m (4.9ms)[0m  INSERT INTO "schema_migrations" (version) VALUES ('20131025184805')
  [1m[36m (1.9ms)[0m  [1mINSERT INTO "schema_migrations" (version) VALUES ('20131025172946')[0m
  [1m[35mActiveRecord::SchemaMigration Load (0.6ms)[0m  SELECT "schema_migrations".* FROM "schema_migrations"
  [1m[36m (112.0ms)[0m  [1mDROP DATABASE IF EXISTS "life_wheel_test"[0m
  [1m[35m (750.4ms)[0m  CREATE DATABASE "life_wheel_test" ENCODING = 'unicode'
  [1m[36mSQL (1.3ms)[0m  [1mCREATE EXTENSION IF NOT EXISTS "plpgsql"[0m
  [1m[35m (8.6ms)[0m  CREATE TABLE "sections" ("id" serial primary key, "section_name" text, "wheel_id" integer, "created_at" timestamp, "updated_at" timestamp) 
  [1m[36m (2.1ms)[0m  [1mCREATE INDEX "index_sections_on_wheel_id" ON "sections" USING btree ("wheel_id")[0m
  [1m[35m (5.1ms)[0m  CREATE TABLE "wheels" ("id" serial primary key, "created_at" timestamp, "updated_at" timestamp) 
  [1m[36m (1.5ms)[0m  [1mCREATE TABLE "schema_migrations" ("version" character varying(255) NOT NULL) [0m
  [1m[35m (2.4ms)[0m  CREATE UNIQUE INDEX "unique_schema_migrations" ON "schema_migrations" ("version")
  [1m[36m (0.6ms)[0m  [1mSELECT version FROM "schema_migrations"[0m
  [1m[35m (0.8ms)[0m  INSERT INTO "schema_migrations" (version) VALUES ('20131025184805')
  [1m[36m (0.7ms)[0m  [1mINSERT INTO "schema_migrations" (version) VALUES ('20131025172946')[0m
  [1m[35mActiveRecord::SchemaMigration Load (0.6ms)[0m  SELECT "schema_migrations".* FROM "schema_migrations"
  [1m[36m (466.2ms)[0m  [1mDROP DATABASE IF EXISTS "life_wheel_test"[0m
  [1m[35m (4179.1ms)[0m  CREATE DATABASE "life_wheel_test" ENCODING = 'unicode'
  [1m[36mSQL (1.7ms)[0m  [1mCREATE EXTENSION IF NOT EXISTS "plpgsql"[0m
  [1m[35m (8.5ms)[0m  CREATE TABLE "sections" ("id" serial primary key, "section_name" text, "wheel_id" integer, "created_at" timestamp, "updated_at" timestamp) 
  [1m[36m (2.0ms)[0m  [1mCREATE INDEX "index_sections_on_wheel_id" ON "sections" USING btree ("wheel_id")[0m
  [1m[35m (19.8ms)[0m  CREATE TABLE "wheels" ("id" serial primary key, "created_at" timestamp, "updated_at" timestamp) 
  [1m[36m (2.2ms)[0m  [1mCREATE TABLE "schema_migrations" ("version" character varying(255) NOT NULL) [0m
  [1m[35m (2.8ms)[0m  CREATE UNIQUE INDEX "unique_schema_migrations" ON "schema_migrations" ("version")
  [1m[36m (0.7ms)[0m  [1mSELECT version FROM "schema_migrations"[0m
  [1m[35m (1.4ms)[0m  INSERT INTO "schema_migrations" (version) VALUES ('20131025184805')
  [1m[36m (0.8ms)[0m  [1mINSERT INTO "schema_migrations" (version) VALUES ('20131025172946')[0m
  [1m[35mActiveRecord::SchemaMigration Load (1.2ms)[0m  SELECT "schema_migrations".* FROM "schema_migrations"
  [1m[36m (112.4ms)[0m  [1mDROP DATABASE IF EXISTS "life_wheel_test"[0m
  [1m[35m (427.8ms)[0m  CREATE DATABASE "life_wheel_test" ENCODING = 'unicode'
  [1m[36mSQL (1.2ms)[0m  [1mCREATE EXTENSION IF NOT EXISTS "plpgsql"[0m
  [1m[35m (9.1ms)[0m  CREATE TABLE "sections" ("id" serial primary key, "section_name" text, "wheel_id" integer, "created_at" timestamp, "updated_at" timestamp) 
  [1m[36m (2.0ms)[0m  [1mCREATE INDEX "index_sections_on_wheel_id" ON "sections" USING btree ("wheel_id")[0m
  [1m[35m (4.2ms)[0m  CREATE TABLE "wheels" ("id" serial primary key, "created_at" timestamp, "updated_at" timestamp) 
  [1m[36m (1.6ms)[0m  [1mCREATE TABLE "schema_migrations" ("version" character varying(255) NOT NULL) [0m
  [1m[35m (2.3ms)[0m  CREATE UNIQUE INDEX "unique_schema_migrations" ON "schema_migrations" ("version")
  [1m[36m (0.4ms)[0m  [1mSELECT version FROM "schema_migrations"[0m
  [1m[35m (0.9ms)[0m  INSERT INTO "schema_migrations" (version) VALUES ('20131025184805')
  [1m[36m (1.0ms)[0m  [1mINSERT INTO "schema_migrations" (version) VALUES ('20131025172946')[0m
  [1m[35mActiveRecord::SchemaMigration Load (0.5ms)[0m  SELECT "schema_migrations".* FROM "schema_migrations"
  [1m[36m (113.8ms)[0m  [1mDROP DATABASE IF EXISTS "life_wheel_test"[0m
  [1m[35m (434.4ms)[0m  CREATE DATABASE "life_wheel_test" ENCODING = 'unicode'
  [1m[36mSQL (1.1ms)[0m  [1mCREATE EXTENSION IF NOT EXISTS "plpgsql"[0m
  [1m[35m (9.1ms)[0m  CREATE TABLE "sections" ("id" serial primary key, "section_name" text, "wheel_id" integer, "created_at" timestamp, "updated_at" timestamp) 
  [1m[36m (2.6ms)[0m  [1mCREATE INDEX "index_sections_on_wheel_id" ON "sections" USING btree ("wheel_id")[0m
  [1m[35m (27.2ms)[0m  CREATE TABLE "wheels" ("id" serial primary key, "created_at" timestamp, "updated_at" timestamp) 
  [1m[36m (1.6ms)[0m  [1mCREATE TABLE "schema_migrations" ("version" character varying(255) NOT NULL) [0m
  [1m[35m (2.0ms)[0m  CREATE UNIQUE INDEX "unique_schema_migrations" ON "schema_migrations" ("version")
  [1m[36m (0.5ms)[0m  [1mSELECT version FROM "schema_migrations"[0m
  [1m[35m (0.8ms)[0m  INSERT INTO "schema_migrations" (version) VALUES ('20131025184805')
  [1m[36m (0.7ms)[0m  [1mINSERT INTO "schema_migrations" (version) VALUES ('20131025172946')[0m
  [1m[35mActiveRecord::SchemaMigration Load (0.6ms)[0m  SELECT "schema_migrations".* FROM "schema_migrations"
  [1m[36mActiveRecord::SchemaMigration Load (0.6ms)[0m  [1mSELECT "schema_migrations".* FROM "schema_migrations"[0m
Migrating to CreateQuestions (20131026001146)
  [1m[35m (0.3ms)[0m  BEGIN
  [1m[36m (44.5ms)[0m  [1mCREATE TABLE "questions" ("id" serial primary key, "section_name" text, "section_id" integer, "created_at" timestamp, "updated_at" timestamp) [0m
  [1m[35m (1.2ms)[0m  CREATE INDEX "index_questions_on_section_id" ON "questions" ("section_id")
  [1m[36mSQL (1.9ms)[0m  [1mINSERT INTO "schema_migrations" ("version") VALUES ($1)[0m  [["version", "20131026001146"]]
  [1m[35m (1.2ms)[0m  COMMIT
  [1m[36mActiveRecord::SchemaMigration Load (0.4ms)[0m  [1mSELECT "schema_migrations".* FROM "schema_migrations"[0m
  [1m[36m (125.5ms)[0m  [1mDROP DATABASE IF EXISTS "life_wheel_test"[0m
  [1m[35m (418.6ms)[0m  CREATE DATABASE "life_wheel_test" ENCODING = 'unicode'
  [1m[36mSQL (1.7ms)[0m  [1mCREATE EXTENSION IF NOT EXISTS "plpgsql"[0m
  [1m[35m (11.3ms)[0m  CREATE TABLE "questions" ("id" serial primary key, "section_name" text, "section_id" integer, "created_at" timestamp, "updated_at" timestamp) 
  [1m[36m (2.0ms)[0m  [1mCREATE INDEX "index_questions_on_section_id" ON "questions" USING btree ("section_id")[0m
  [1m[35m (6.9ms)[0m  CREATE TABLE "sections" ("id" serial primary key, "section_name" text, "wheel_id" integer, "created_at" timestamp, "updated_at" timestamp) 
  [1m[36m (2.7ms)[0m  [1mCREATE INDEX "index_sections_on_wheel_id" ON "sections" USING btree ("wheel_id")[0m
  [1m[35m (6.2ms)[0m  CREATE TABLE "wheels" ("id" serial primary key, "created_at" timestamp, "updated_at" timestamp) 
  [1m[36m (1.9ms)[0m  [1mCREATE TABLE "schema_migrations" ("version" character varying(255) NOT NULL) [0m
  [1m[35m (2.2ms)[0m  CREATE UNIQUE INDEX "unique_schema_migrations" ON "schema_migrations" ("version")
  [1m[36m (0.5ms)[0m  [1mSELECT version FROM "schema_migrations"[0m
  [1m[35m (1.0ms)[0m  INSERT INTO "schema_migrations" (version) VALUES ('20131026001146')
  [1m[36m (0.8ms)[0m  [1mINSERT INTO "schema_migrations" (version) VALUES ('20131025172946')[0m
  [1m[35m (0.7ms)[0m  INSERT INTO "schema_migrations" (version) VALUES ('20131025184805')
  [1m[36mActiveRecord::SchemaMigration Load (0.8ms)[0m  [1mSELECT "schema_migrations".* FROM "schema_migrations"[0m
  [1m[36m (249.1ms)[0m  [1mDROP DATABASE IF EXISTS "life_wheel_test"[0m
  [1m[35m (1200.9ms)[0m  CREATE DATABASE "life_wheel_test" ENCODING = 'unicode'
  [1m[36mSQL (1.5ms)[0m  [1mCREATE EXTENSION IF NOT EXISTS "plpgsql"[0m
  [1m[35m (31.9ms)[0m  CREATE TABLE "questions" ("id" serial primary key, "section_name" text, "section_id" integer, "created_at" timestamp, "updated_at" timestamp) 
  [1m[36m (2.0ms)[0m  [1mCREATE INDEX "index_questions_on_section_id" ON "questions" USING btree ("section_id")[0m
  [1m[35m (5.7ms)[0m  CREATE TABLE "sections" ("id" serial primary key, "section_name" text, "wheel_id" integer, "created_at" timestamp, "updated_at" timestamp) 
  [1m[36m (2.5ms)[0m  [1mCREATE INDEX "index_sections_on_wheel_id" ON "sections" USING btree ("wheel_id")[0m
  [1m[35m (5.6ms)[0m  CREATE TABLE "wheels" ("id" serial primary key, "created_at" timestamp, "updated_at" timestamp) 
  [1m[36m (2.6ms)[0m  [1mCREATE TABLE "schema_migrations" ("version" character varying(255) NOT NULL) [0m
  [1m[35m (1.8ms)[0m  CREATE UNIQUE INDEX "unique_schema_migrations" ON "schema_migrations" ("version")
  [1m[36m (0.4ms)[0m  [1mSELECT version FROM "schema_migrations"[0m
  [1m[35m (1.2ms)[0m  INSERT INTO "schema_migrations" (version) VALUES ('20131026001146')
  [1m[36m (0.8ms)[0m  [1mINSERT INTO "schema_migrations" (version) VALUES ('20131025172946')[0m
  [1m[35m (0.6ms)[0m  INSERT INTO "schema_migrations" (version) VALUES ('20131025184805')
  [1m[36mActiveRecord::SchemaMigration Load (0.7ms)[0m  [1mSELECT "schema_migrations".* FROM "schema_migrations"[0m
  [1m[36mActiveRecord::SchemaMigration Load (1.4ms)[0m  [1mSELECT "schema_migrations".* FROM "schema_migrations"[0m
  [1m[35mActiveRecord::SchemaMigration Load (0.3ms)[0m  SELECT "schema_migrations".* FROM "schema_migrations"
Migrating to CreateQuestions (20131026001146)
  [1m[36m (0.2ms)[0m  [1mBEGIN[0m
  [1m[35m (173.9ms)[0m  DROP TABLE "questions"
  [1m[36mSQL (34.4ms)[0m  [1mDELETE FROM "schema_migrations" WHERE "schema_migrations"."version" = '20131026001146'[0m
  [1m[35m (41.0ms)[0m  COMMIT
  [1m[36mActiveRecord::SchemaMigration Load (0.3ms)[0m  [1mSELECT "schema_migrations".* FROM "schema_migrations"[0m
  [1m[36mActiveRecord::SchemaMigration Load (0.7ms)[0m  [1mSELECT "schema_migrations".* FROM "schema_migrations"[0m
Migrating to CreateQuestions (20131026001146)
  [1m[35m (0.3ms)[0m  BEGIN
  [1m[36m (62.2ms)[0m  [1mCREATE TABLE "questions" ("id" serial primary key, "question" text, "section_id" integer, "created_at" timestamp, "updated_at" timestamp) [0m
  [1m[35m (1.2ms)[0m  CREATE INDEX "index_questions_on_section_id" ON "questions" ("section_id")
  [1m[36mSQL (17.9ms)[0m  [1mINSERT INTO "schema_migrations" ("version") VALUES ($1)[0m  [["version", "20131026001146"]]
  [1m[35m (2.4ms)[0m  COMMIT
  [1m[36mActiveRecord::SchemaMigration Load (0.3ms)[0m  [1mSELECT "schema_migrations".* FROM "schema_migrations"[0m
  [1m[36m (141.9ms)[0m  [1mDROP DATABASE IF EXISTS "life_wheel_test"[0m
  [1m[35m (876.5ms)[0m  CREATE DATABASE "life_wheel_test" ENCODING = 'unicode'
  [1m[36mSQL (1.4ms)[0m  [1mCREATE EXTENSION IF NOT EXISTS "plpgsql"[0m
  [1m[35m (23.8ms)[0m  CREATE TABLE "questions" ("id" serial primary key, "question" text, "section_id" integer, "created_at" timestamp, "updated_at" timestamp) 
  [1m[36m (2.4ms)[0m  [1mCREATE INDEX "index_questions_on_section_id" ON "questions" USING btree ("section_id")[0m
  [1m[35m (5.8ms)[0m  CREATE TABLE "sections" ("id" serial primary key, "section_name" text, "wheel_id" integer, "created_at" timestamp, "updated_at" timestamp) 
  [1m[36m (2.0ms)[0m  [1mCREATE INDEX "index_sections_on_wheel_id" ON "sections" USING btree ("wheel_id")[0m
  [1m[35m (3.7ms)[0m  CREATE TABLE "wheels" ("id" serial primary key, "created_at" timestamp, "updated_at" timestamp) 
  [1m[36m (1.5ms)[0m  [1mCREATE TABLE "schema_migrations" ("version" character varying(255) NOT NULL) [0m
  [1m[35m (2.2ms)[0m  CREATE UNIQUE INDEX "unique_schema_migrations" ON "schema_migrations" ("version")
  [1m[36m (0.4ms)[0m  [1mSELECT version FROM "schema_migrations"[0m
  [1m[35m (0.7ms)[0m  INSERT INTO "schema_migrations" (version) VALUES ('20131026001146')
  [1m[36m (0.8ms)[0m  [1mINSERT INTO "schema_migrations" (version) VALUES ('20131025172946')[0m
  [1m[35m (0.5ms)[0m  INSERT INTO "schema_migrations" (version) VALUES ('20131025184805')
  [1m[36mActiveRecord::SchemaMigration Load (0.9ms)[0m  [1mSELECT "schema_migrations".* FROM "schema_migrations"[0m
  [1m[36m (123.4ms)[0m  [1mDROP DATABASE IF EXISTS "life_wheel_test"[0m
  [1m[35m (1401.4ms)[0m  CREATE DATABASE "life_wheel_test" ENCODING = 'unicode'
  [1m[36mSQL (1.8ms)[0m  [1mCREATE EXTENSION IF NOT EXISTS "plpgsql"[0m
  [1m[35m (8.4ms)[0m  CREATE TABLE "questions" ("id" serial primary key, "question" text, "section_id" integer, "created_at" timestamp, "updated_at" timestamp) 
  [1m[36m (2.3ms)[0m  [1mCREATE INDEX "index_questions_on_section_id" ON "questions" USING btree ("section_id")[0m
  [1m[35m (5.8ms)[0m  CREATE TABLE "sections" ("id" serial primary key, "section_name" text, "wheel_id" integer, "created_at" timestamp, "updated_at" timestamp) 
  [1m[36m (2.4ms)[0m  [1mCREATE INDEX "index_sections_on_wheel_id" ON "sections" USING btree ("wheel_id")[0m
  [1m[35m (4.1ms)[0m  CREATE TABLE "wheels" ("id" serial primary key, "created_at" timestamp, "updated_at" timestamp) 
  [1m[36m (1.6ms)[0m  [1mCREATE TABLE "schema_migrations" ("version" character varying(255) NOT NULL) [0m
  [1m[35m (1.9ms)[0m  CREATE UNIQUE INDEX "unique_schema_migrations" ON "schema_migrations" ("version")
  [1m[36m (0.4ms)[0m  [1mSELECT version FROM "schema_migrations"[0m
  [1m[35m (0.9ms)[0m  INSERT INTO "schema_migrations" (version) VALUES ('20131026001146')
  [1m[36m (0.8ms)[0m  [1mINSERT INTO "schema_migrations" (version) VALUES ('20131025172946')[0m
  [1m[35m (0.6ms)[0m  INSERT INTO "schema_migrations" (version) VALUES ('20131025184805')
  [1m[36mActiveRecord::SchemaMigration Load (0.8ms)[0m  [1mSELECT "schema_migrations".* FROM "schema_migrations"[0m
  [1m[36mActiveRecord::SchemaMigration Load (0.6ms)[0m  [1mSELECT "schema_migrations".* FROM "schema_migrations"[0m
Migrating to CreateAnswers (20131026164659)
  [1m[35m (0.5ms)[0m  BEGIN
  [1m[36m (6.6ms)[0m  [1mCREATE TABLE "answers" ("id" serial primary key, "answer_value" integer, "question_id" integer, "created_at" timestamp, "updated_at" timestamp) [0m
  [1m[35m (1.6ms)[0m  CREATE INDEX "index_answers_on_question_id" ON "answers" ("question_id")
  [1m[36mSQL (0.8ms)[0m  [1mINSERT INTO "schema_migrations" ("version") VALUES ($1)[0m  [["version", "20131026164659"]]
  [1m[35m (1.2ms)[0m  COMMIT
  [1m[36mActiveRecord::SchemaMigration Load (0.3ms)[0m  [1mSELECT "schema_migrations".* FROM "schema_migrations"[0m
  [1m[36m (114.4ms)[0m  [1mDROP DATABASE IF EXISTS "life_wheel_test"[0m
  [1m[35m (381.4ms)[0m  CREATE DATABASE "life_wheel_test" ENCODING = 'unicode'
  [1m[36mSQL (1.4ms)[0m  [1mCREATE EXTENSION IF NOT EXISTS "plpgsql"[0m
  [1m[35m (7.4ms)[0m  CREATE TABLE "answers" ("id" serial primary key, "answer_value" integer, "question_id" integer, "created_at" timestamp, "updated_at" timestamp) 
  [1m[36m (1.6ms)[0m  [1mCREATE INDEX "index_answers_on_question_id" ON "answers" USING btree ("question_id")[0m
  [1m[35m (6.5ms)[0m  CREATE TABLE "questions" ("id" serial primary key, "question" text, "section_id" integer, "created_at" timestamp, "updated_at" timestamp) 
  [1m[36m (2.0ms)[0m  [1mCREATE INDEX "index_questions_on_section_id" ON "questions" USING btree ("section_id")[0m
  [1m[35m (5.4ms)[0m  CREATE TABLE "sections" ("id" serial primary key, "section_name" text, "wheel_id" integer, "created_at" timestamp, "updated_at" timestamp) 
  [1m[36m (1.9ms)[0m  [1mCREATE INDEX "index_sections_on_wheel_id" ON "sections" USING btree ("wheel_id")[0m
  [1m[35m (3.4ms)[0m  CREATE TABLE "wheels" ("id" serial primary key, "created_at" timestamp, "updated_at" timestamp) 
  [1m[36m (1.5ms)[0m  [1mCREATE TABLE "schema_migrations" ("version" character varying(255) NOT NULL) [0m
  [1m[35m (2.4ms)[0m  CREATE UNIQUE INDEX "unique_schema_migrations" ON "schema_migrations" ("version")
  [1m[36m (0.6ms)[0m  [1mSELECT version FROM "schema_migrations"[0m
  [1m[35m (0.8ms)[0m  INSERT INTO "schema_migrations" (version) VALUES ('20131026164659')
  [1m[36m (0.8ms)[0m  [1mINSERT INTO "schema_migrations" (version) VALUES ('20131025172946')[0m
  [1m[35m (1.1ms)[0m  INSERT INTO "schema_migrations" (version) VALUES ('20131025184805')
  [1m[36m (0.6ms)[0m  [1mINSERT INTO "schema_migrations" (version) VALUES ('20131026001146')[0m
  [1m[35mActiveRecord::SchemaMigration Load (0.6ms)[0m  SELECT "schema_migrations".* FROM "schema_migrations"
